[0.010s] Invoking command in '/home/mahek/ros2_ws/build/my_cashier_system': /usr/bin/cmake --build /home/mahek/ros2_ws/build/my_cashier_system -- -j12 -l12
[0.033s] -- Found ament_cmake: 1.3.10 (/opt/ros/humble/share/ament_cmake/cmake)
[0.137s] -- Found rclcpp: 16.0.10 (/opt/ros/humble/share/rclcpp/cmake)
[0.163s] -- Found rosidl_generator_c: 3.1.5 (/opt/ros/humble/share/rosidl_generator_c/cmake)
[0.165s] -- Found rosidl_adapter: 3.1.5 (/opt/ros/humble/share/rosidl_adapter/cmake)
[0.169s] -- Found rosidl_generator_cpp: 3.1.5 (/opt/ros/humble/share/rosidl_generator_cpp/cmake)
[0.175s] -- Using all available rosidl_typesupport_c: rosidl_typesupport_fastrtps_c;rosidl_typesupport_introspection_c
[0.183s] -- Using all available rosidl_typesupport_cpp: rosidl_typesupport_fastrtps_cpp;rosidl_typesupport_introspection_cpp
[0.204s] -- Found rmw_implementation_cmake: 6.1.2 (/opt/ros/humble/share/rmw_implementation_cmake/cmake)
[0.205s] -- Found rmw_fastrtps_cpp: 6.2.7 (/opt/ros/humble/share/rmw_fastrtps_cpp/cmake)
[0.296s] -- Using RMW implementation 'rmw_fastrtps_cpp' as default
[0.343s] -- Found my_cashier_system: 0.0.0 (/home/mahek/ros2_ws/install/my_cashier_system/share/my_cashier_system/cmake)
[0.343s] -- Found rosidl_default_generators: 1.2.0 (/opt/ros/humble/share/rosidl_default_generators/cmake)
[0.491s] Error parsing '/home/mahek/ros2_ws/src/my_cashier_system/package.xml':
[0.520s] Traceback (most recent call last):
[0.520s]   File "/opt/ros/humble/share/ament_cmake_core/cmake/core/package_xml_2_cmake.py", line 150, in <module>
[0.520s]     main()
[0.521s]   File "/opt/ros/humble/share/ament_cmake_core/cmake/core/package_xml_2_cmake.py", line 53, in main
[0.521s]     raise e
[0.521s]   File "/opt/ros/humble/share/ament_cmake_core/cmake/core/package_xml_2_cmake.py", line 49, in main
[0.521s]     package = parse_package_string(
[0.521s]   File "/usr/lib/python3/dist-packages/catkin_pkg/package.py", line 788, in parse_package_string
[0.521s]     pkg.validate(warnings=warnings)
[0.521s]   File "/usr/lib/python3/dist-packages/catkin_pkg/package.py", line 330, in validate
[0.521s]     raise InvalidPackage('\n'.join(errors), self.filename)
[0.521s] catkin_pkg.package.InvalidPackage: Error(s) in package '/home/mahek/ros2_ws/src/my_cashier_system/package.xml':
[0.522s] The package "my_cashier_system" must not "build_depend" on a package with the same name as this package
[0.532s] [31mCMake Error at /opt/ros/humble/share/ament_cmake_core/cmake/core/ament_package_xml.cmake:95 (message):
[0.532s]   execute_process(/usr/bin/python3
[0.532s]   /opt/ros/humble/share/ament_cmake_core/cmake/core/package_xml_2_cmake.py
[0.532s]   /home/mahek/ros2_ws/src/my_cashier_system/package.xml
[0.532s]   /home/mahek/ros2_ws/build/my_cashier_system/ament_cmake_core/package.cmake)
[0.532s]   returned error code 1
[0.532s] Call Stack (most recent call first):
[0.532s]   /opt/ros/humble/share/ament_cmake_core/cmake/core/ament_package_xml.cmake:49 (_ament_package_xml)
[0.533s]   /opt/ros/humble/share/rosidl_cmake/cmake/rosidl_generate_interfaces.cmake:226 (ament_package_xml)
[0.533s]   CMakeLists.txt:21 (rosidl_generate_interfaces)
[0.533s] 
[0.533s] [0m
[0.533s] -- Configuring incomplete, errors occurred!
[0.533s] See also "/home/mahek/ros2_ws/build/my_cashier_system/CMakeFiles/CMakeOutput.log".
[0.537s] gmake: *** [Makefile:349: cmake_check_build_system] Error 1
[0.540s] Invoked command in '/home/mahek/ros2_ws/build/my_cashier_system' returned '2': /usr/bin/cmake --build /home/mahek/ros2_ws/build/my_cashier_system -- -j12 -l12
