[01m[K/home/mahek/ros2_ws/src/my_cashier_system/src/bill_display_node.cpp:[m[K In member function â€˜[01m[Kvoid BillMonitorNode::display_bill(std_msgs::msg::String_<std::allocator<void> >::SharedPtr)[m[Kâ€™:
[01m[K/home/mahek/ros2_ws/src/my_cashier_system/src/bill_display_node.cpp:49:60:[m[K [01;31m[Kerror: [m[Kno matching function for call to â€˜[01m[Krclcpp::SyncParametersClient::get_parameter(const char [10])[m[Kâ€™
   49 |             double inventory = [01;31m[Kparam_client_->get_parameter("inventory")[m[K.get_value<double>();
      |                                [01;31m[K~~~~~~~~~~~~~~~~~~~~~~~~~~~~^~~~~~~~~~~~~[m[K
In file included from [01m[K/opt/ros/humble/include/rclcpp/rclcpp/rclcpp.hpp:159[m[K,
                 from [01m[K/home/mahek/ros2_ws/src/my_cashier_system/src/bill_display_node.cpp:1[m[K:
[01m[K/opt/ros/humble/include/rclcpp/rclcpp/parameter_client.hpp:417:3:[m[K [01;36m[Knote: [m[Kcandidate: â€˜[01m[Ktemplate<class T> T rclcpp::SyncParametersClient::get_parameter(const string&, const T&)[m[Kâ€™
  417 |   [01;36m[Kget_parameter[m[K(const std::string & parameter_name, const T & default_value)
      |   [01;36m[K^~~~~~~~~~~~~[m[K
[01m[K/opt/ros/humble/include/rclcpp/rclcpp/parameter_client.hpp:417:3:[m[K [01;36m[Knote: [m[K  template argument deduction/substitution failed:
[01m[K/home/mahek/ros2_ws/src/my_cashier_system/src/bill_display_node.cpp:49:60:[m[K [01;36m[Knote: [m[K  candidate expects 2 arguments, 1 provided
   49 |             double inventory = [01;36m[Kparam_client_->get_parameter("inventory")[m[K.get_value<double>();
      |                                [01;36m[K~~~~~~~~~~~~~~~~~~~~~~~~~~~~^~~~~~~~~~~~~[m[K
In file included from [01m[K/opt/ros/humble/include/rclcpp/rclcpp/rclcpp.hpp:159[m[K,
                 from [01m[K/home/mahek/ros2_ws/src/my_cashier_system/src/bill_display_node.cpp:1[m[K:
[01m[K/opt/ros/humble/include/rclcpp/rclcpp/parameter_client.hpp:426:3:[m[K [01;36m[Knote: [m[Kcandidate: â€˜[01m[Ktemplate<class T> T rclcpp::SyncParametersClient::get_parameter(const string&)[m[Kâ€™
  426 |   [01;36m[Kget_parameter[m[K(const std::string & parameter_name)
      |   [01;36m[K^~~~~~~~~~~~~[m[K
[01m[K/opt/ros/humble/include/rclcpp/rclcpp/parameter_client.hpp:426:3:[m[K [01;36m[Knote: [m[K  template argument deduction/substitution failed:
[01m[K/home/mahek/ros2_ws/src/my_cashier_system/src/bill_display_node.cpp:49:60:[m[K [01;36m[Knote: [m[K  couldnâ€™t deduce template parameter â€˜[01m[KT[m[Kâ€™
   49 |             double inventory = [01;36m[Kparam_client_->get_parameter("inventory")[m[K.get_value<double>();
      |                                [01;36m[K~~~~~~~~~~~~~~~~~~~~~~~~~~~~^~~~~~~~~~~~~[m[K
[01m[K/home/mahek/ros2_ws/src/my_cashier_system/src/bill_display_node.cpp:49:84:[m[K [01;31m[Kerror: [m[Kexpected primary-expression before â€˜[01m[Kdouble[m[Kâ€™
   49 |             double inventory = param_client_->get_parameter("inventory").get_value<[01;31m[Kdouble[m[K>();
      |                                                                                    [01;31m[K^~~~~~[m[K
[01m[K/home/mahek/ros2_ws/src/my_cashier_system/src/bill_display_node.cpp:50:57:[m[K [01;31m[Kerror: [m[Kno matching function for call to â€˜[01m[Krclcpp::SyncParametersClient::get_parameter(const char [13])[m[Kâ€™
   50 |             double income = [01;31m[Kparam_client_->get_parameter("total_income")[m[K.get_value<double>();
      |                             [01;31m[K~~~~~~~~~~~~~~~~~~~~~~~~~~~~^~~~~~~~~~~~~~~~[m[K
In file included from [01m[K/opt/ros/humble/include/rclcpp/rclcpp/rclcpp.hpp:159[m[K,
                 from [01m[K/home/mahek/ros2_ws/src/my_cashier_system/src/bill_display_node.cpp:1[m[K:
[01m[K/opt/ros/humble/include/rclcpp/rclcpp/parameter_client.hpp:417:3:[m[K [01;36m[Knote: [m[Kcandidate: â€˜[01m[Ktemplate<class T> T rclcpp::SyncParametersClient::get_parameter(const string&, const T&)[m[Kâ€™
  417 |   [01;36m[Kget_parameter[m[K(const std::string & parameter_name, const T & default_value)
      |   [01;36m[K^~~~~~~~~~~~~[m[K
[01m[K/opt/ros/humble/include/rclcpp/rclcpp/parameter_client.hpp:417:3:[m[K [01;36m[Knote: [m[K  template argument deduction/substitution failed:
[01m[K/home/mahek/ros2_ws/src/my_cashier_system/src/bill_display_node.cpp:50:57:[m[K [01;36m[Knote: [m[K  candidate expects 2 arguments, 1 provided
   50 |             double income = [01;36m[Kparam_client_->get_parameter("total_income")[m[K.get_value<double>();
      |                             [01;36m[K~~~~~~~~~~~~~~~~~~~~~~~~~~~~^~~~~~~~~~~~~~~~[m[K
In file included from [01m[K/opt/ros/humble/include/rclcpp/rclcpp/rclcpp.hpp:159[m[K,
                 from [01m[K/home/mahek/ros2_ws/src/my_cashier_system/src/bill_display_node.cpp:1[m[K:
[01m[K/opt/ros/humble/include/rclcpp/rclcpp/parameter_client.hpp:426:3:[m[K [01;36m[Knote: [m[Kcandidate: â€˜[01m[Ktemplate<class T> T rclcpp::SyncParametersClient::get_parameter(const string&)[m[Kâ€™
  426 |   [01;36m[Kget_parameter[m[K(const std::string & parameter_name)
      |   [01;36m[K^~~~~~~~~~~~~[m[K
[01m[K/opt/ros/humble/include/rclcpp/rclcpp/parameter_client.hpp:426:3:[m[K [01;36m[Knote: [m[K  template argument deduction/substitution failed:
[01m[K/home/mahek/ros2_ws/src/my_cashier_system/src/bill_display_node.cpp:50:57:[m[K [01;36m[Knote: [m[K  couldnâ€™t deduce template parameter â€˜[01m[KT[m[Kâ€™
   50 |             double income = [01;36m[Kparam_client_->get_parameter("total_income")[m[K.get_value<double>();
      |                             [01;36m[K~~~~~~~~~~~~~~~~~~~~~~~~~~~~^~~~~~~~~~~~~~~~[m[K
[01m[K/home/mahek/ros2_ws/src/my_cashier_system/src/bill_display_node.cpp:50:84:[m[K [01;31m[Kerror: [m[Kexpected primary-expression before â€˜[01m[Kdouble[m[Kâ€™
   50 |             double income = param_client_->get_parameter("total_income").get_value<[01;31m[Kdouble[m[K>();
      |                                                                                    [01;31m[K^~~~~~[m[K
gmake[2]: *** [CMakeFiles/bill_display_node.dir/build.make:76: CMakeFiles/bill_display_node.dir/src/bill_display_node.cpp.o] Error 1
gmake[1]: *** [CMakeFiles/Makefile2:193: CMakeFiles/bill_display_node.dir/all] Error 2
gmake[1]: *** Waiting for unfinished jobs....
gmake: *** [Makefile:146: all] Error 2
