-- Found ament_cmake: 1.3.10 (/opt/ros/humble/share/ament_cmake/cmake)
-- Found rclcpp: 16.0.10 (/opt/ros/humble/share/rclcpp/cmake)
-- Found rosidl_generator_c: 3.1.5 (/opt/ros/humble/share/rosidl_generator_c/cmake)
-- Found rosidl_adapter: 3.1.5 (/opt/ros/humble/share/rosidl_adapter/cmake)
-- Found rosidl_generator_cpp: 3.1.5 (/opt/ros/humble/share/rosidl_generator_cpp/cmake)
-- Using all available rosidl_typesupport_c: rosidl_typesupport_fastrtps_c;rosidl_typesupport_introspection_c
-- Using all available rosidl_typesupport_cpp: rosidl_typesupport_fastrtps_cpp;rosidl_typesupport_introspection_cpp
-- Found rmw_implementation_cmake: 6.1.2 (/opt/ros/humble/share/rmw_implementation_cmake/cmake)
-- Found rmw_fastrtps_cpp: 6.2.7 (/opt/ros/humble/share/rmw_fastrtps_cpp/cmake)
-- Using RMW implementation 'rmw_fastrtps_cpp' as default
-- Found tutorial_interfaces: 0.0.0 (/home/mahek/ros2_ws/install/tutorial_interfaces/share/tutorial_interfaces/cmake)
-- Found ament_lint_auto: 0.12.11 (/opt/ros/humble/share/ament_lint_auto/cmake)
-- Added test 'cppcheck' to perform static code analysis on C / C++ code
-- Configured cppcheck include dirs: 
-- Configured cppcheck exclude dirs and/or files: 
-- Added test 'lint_cmake' to check CMake code style
-- Added test 'uncrustify' to check C / C++ code style
-- Configured uncrustify additional arguments: 
-- Added test 'xmllint' to check XML markup files
-- Configuring done
-- Generating done
-- Build files have been written to: /home/mahek/ros2_ws/build/my_cashier_system
[35m[1mConsolidate compiler generated dependencies of target bill_publish_node[0m
[35m[1mConsolidate compiler generated dependencies of target bill_subscriber_node[0m
[ 25%] [32mBuilding CXX object CMakeFiles/bill_publish_node.dir/src/bill_publish_node.cpp.o[0m
[ 75%] Built target bill_subscriber_node
[01m[K/home/mahek/ros2_ws/src/my_cashier_system/src/bill_publish_node.cpp:[m[K In member function â€˜[01m[Kvoid BillPublisherNode::publish_bill()[m[Kâ€™:
[01m[K/home/mahek/ros2_ws/src/my_cashier_system/src/bill_publish_node.cpp:23:17:[m[K [01;31m[Kerror: [m[Kâ€˜[01m[Kstruct tutorial_interfaces::msg::Num_<std::allocator<void> >[m[Kâ€™ has no member named â€˜[01m[Ktimestamp[m[Kâ€™
   23 |         message.[01;31m[Ktimestamp[m[K = std::to_string(std::chrono::system_clock::now().time_since_epoch().count());
      |                 [01;31m[K^~~~~~~~~[m[K
In file included from [01m[K/opt/ros/humble/include/rclcpp/rclcpp/logging.hpp:24[m[K,
                 from [01m[K/opt/ros/humble/include/rclcpp/rclcpp/client.hpp:40[m[K,
                 from [01m[K/opt/ros/humble/include/rclcpp/rclcpp/callback_group.hpp:24[m[K,
                 from [01m[K/opt/ros/humble/include/rclcpp/rclcpp/any_executable.hpp:20[m[K,
                 from [01m[K/opt/ros/humble/include/rclcpp/rclcpp/memory_strategy.hpp:25[m[K,
                 from [01m[K/opt/ros/humble/include/rclcpp/rclcpp/memory_strategies.hpp:18[m[K,
                 from [01m[K/opt/ros/humble/include/rclcpp/rclcpp/executor_options.hpp:20[m[K,
                 from [01m[K/opt/ros/humble/include/rclcpp/rclcpp/executor.hpp:37[m[K,
                 from [01m[K/opt/ros/humble/include/rclcpp/rclcpp/executors/multi_threaded_executor.hpp:25[m[K,
                 from [01m[K/opt/ros/humble/include/rclcpp/rclcpp/executors.hpp:21[m[K,
                 from [01m[K/opt/ros/humble/include/rclcpp/rclcpp/rclcpp.hpp:155[m[K,
                 from [01m[K/home/mahek/ros2_ws/src/my_cashier_system/src/bill_publish_node.cpp:1[m[K:
[01m[K/home/mahek/ros2_ws/src/my_cashier_system/src/bill_publish_node.cpp:30:50:[m[K [01;31m[Kerror: [m[Kâ€˜[01m[Kstruct tutorial_interfaces::msg::Num_<std::allocator<void> >[m[Kâ€™ has no member named â€˜[01m[Ktimestamp[m[Kâ€™
   30 |                     message.bill_number, message.[01;31m[Ktimestamp[m[K.c_str(), message.quantity, message.price, message.total);
      |                                                  [01;31m[K^~~~~~~~~[m[K
gmake[2]: *** [CMakeFiles/bill_publish_node.dir/build.make:76: CMakeFiles/bill_publish_node.dir/src/bill_publish_node.cpp.o] Error 1
gmake[1]: *** [CMakeFiles/Makefile2:139: CMakeFiles/bill_publish_node.dir/all] Error 2
gmake: *** [Makefile:146: all] Error 2
