[0.017s] Invoking command in '/home/mahek/ros2_ws/build/my_cashier_system': CMAKE_PREFIX_PATH=${CMAKE_PREFIX_PATH}:/home/mahek/ros2_ws/install/my_robot_controller:/opt/ros/humble LD_LIBRARY_PATH=/home/mahek/ros2_ws/install/tutorial_interfaces/lib:${LD_LIBRARY_PATH} PYTHONPATH=/home/mahek/ros2_ws/install/tutorial_interfaces/local/lib/python3.10/dist-packages:${PYTHONPATH} /usr/bin/cmake --build /home/mahek/ros2_ws/build/my_cashier_system -- -j12 -l12
[0.064s] [35m[1mConsolidate compiler generated dependencies of target bill[0m
[0.080s] [ 50%] [32mBuilding CXX object CMakeFiles/bill.dir/src/bill_publish_node.cpp.o[0m
[1.523s] [01m[K/home/mahek/ros2_ws/src/my_cashier_system/src/bill_publish_node.cpp:5:1:[m[K [01;31m[Kerror: [m[Kâ€˜[01m[KBillPublisherNode[m[Kâ€™ does not name a type
[1.523s]     5 | [01;31m[KBillPublisherNode[m[K::BillPublisherNode()
[1.524s]       | [01;31m[K^~~~~~~~~~~~~~~~~[m[K
[1.524s] [01m[K/home/mahek/ros2_ws/src/my_cashier_system/src/bill_publish_node.cpp:20:6:[m[K [01;31m[Kerror: [m[Kâ€˜[01m[KBillPublisherNode[m[Kâ€™ has not been declared
[1.524s]    20 | void [01;31m[KBillPublisherNode[m[K::publish_bill()
[1.524s]       |      [01;31m[K^~~~~~~~~~~~~~~~~[m[K
[1.526s] [01m[K/home/mahek/ros2_ws/src/my_cashier_system/src/bill_publish_node.cpp:[m[K In function â€˜[01m[Kvoid publish_bill()[m[Kâ€™:
[1.526s] [01m[K/home/mahek/ros2_ws/src/my_cashier_system/src/bill_publish_node.cpp:31:5:[m[K [01;31m[Kerror: [m[Kâ€˜[01m[Kpublisher_[m[Kâ€™ was not declared in this scope; did you mean â€˜[01m[Krmw_publisher_t[m[Kâ€™?
[1.527s]    31 |     [01;31m[Kpublisher_[m[K->publish(message);
[1.527s]       |     [01;31m[K^~~~~~~~~~[m[K
[1.527s]       |     [32m[Krmw_publisher_t[m[K
[1.527s] In file included from [01m[K/opt/ros/humble/include/rclcpp/rclcpp/client.hpp:40[m[K,
[1.527s]                  from [01m[K/opt/ros/humble/include/rclcpp/rclcpp/callback_group.hpp:24[m[K,
[1.527s]                  from [01m[K/opt/ros/humble/include/rclcpp/rclcpp/any_executable.hpp:20[m[K,
[1.527s]                  from [01m[K/opt/ros/humble/include/rclcpp/rclcpp/memory_strategy.hpp:25[m[K,
[1.527s]                  from [01m[K/opt/ros/humble/include/rclcpp/rclcpp/memory_strategies.hpp:18[m[K,
[1.527s]                  from [01m[K/opt/ros/humble/include/rclcpp/rclcpp/executor_options.hpp:20[m[K,
[1.527s]                  from [01m[K/opt/ros/humble/include/rclcpp/rclcpp/executor.hpp:37[m[K,
[1.527s]                  from [01m[K/opt/ros/humble/include/rclcpp/rclcpp/executors/multi_threaded_executor.hpp:25[m[K,
[1.527s]                  from [01m[K/opt/ros/humble/include/rclcpp/rclcpp/executors.hpp:21[m[K,
[1.527s]                  from [01m[K/opt/ros/humble/include/rclcpp/rclcpp/rclcpp.hpp:155[m[K,
[1.527s]                  from [01m[K/home/mahek/ros2_ws/src/my_cashier_system/src/bill_publish_node.cpp:1[m[K:
[1.527s] [01m[K/home/mahek/ros2_ws/src/my_cashier_system/src/bill_publish_node.cpp:33:17:[m[K [01;31m[Kerror: [m[Kinvalid use of â€˜[01m[Kthis[m[Kâ€™ in non-member function
[1.527s]    33 |     RCLCPP_INFO([01;31m[Kthis[m[K->get_logger(), "Published Bill: Number: %d, Time: %s, Quantity: %d, Price: %.2f, Total: %.2f",
[1.527s]       |                 [01;31m[K^~~~[m[K
[1.527s] [01m[K/home/mahek/ros2_ws/src/my_cashier_system/src/bill_publish_node.cpp:33:17:[m[K [01;31m[Kerror: [m[Kinvalid use of â€˜[01m[Kthis[m[Kâ€™ in non-member function
[1.527s] [01m[K/home/mahek/ros2_ws/src/my_cashier_system/src/bill_publish_node.cpp:33:5:[m[K [01;31m[Kerror: [m[Ktemplate argument 1 is invalid
[1.527s]    33 |     [01;31m[KRCLCPP_INFO[m[K(this->get_logger(), "Published Bill: Number: %d, Time: %s, Quantity: %d, Price: %.2f, Total: %.2f",
[1.528s]       |     [01;31m[K^~~~~~~~~~~[m[K
[1.528s] [01m[K/home/mahek/ros2_ws/src/my_cashier_system/src/bill_publish_node.cpp:33:5:[m[K [01;31m[Kerror: [m[Ktemplate argument 1 is invalid
[1.528s]    33 |     [01;31m[KRCLCPP_INFO[m[K(this->get_logger(), "Published Bill: Number: %d, Time: %s, Quantity: %d, Price: %.2f, Total: %.2f",
[1.528s]       |     [01;31m[K^~~~~~~~~~~[m[K
[1.528s] [01m[K/home/mahek/ros2_ws/src/my_cashier_system/src/bill_publish_node.cpp:33:5:[m[K [01;31m[Kerror: [m[Ktemplate argument 1 is invalid
[1.528s]    33 |     [01;31m[KRCLCPP_INFO[m[K(this->get_logger(), "Published Bill: Number: %d, Time: %s, Quantity: %d, Price: %.2f, Total: %.2f",
[1.528s]       |     [01;31m[K^~~~~~~~~~~[m[K
[1.528s] In file included from [01m[K/opt/ros/humble/include/rclcpp/rclcpp/logging.hpp:24[m[K,
[1.528s]                  from [01m[K/opt/ros/humble/include/rclcpp/rclcpp/client.hpp:40[m[K,
[1.528s]                  from [01m[K/opt/ros/humble/include/rclcpp/rclcpp/callback_group.hpp:24[m[K,
[1.528s]                  from [01m[K/opt/ros/humble/include/rclcpp/rclcpp/any_executable.hpp:20[m[K,
[1.528s]                  from [01m[K/opt/ros/humble/include/rclcpp/rclcpp/memory_strategy.hpp:25[m[K,
[1.528s]                  from [01m[K/opt/ros/humble/include/rclcpp/rclcpp/memory_strategies.hpp:18[m[K,
[1.528s]                  from [01m[K/opt/ros/humble/include/rclcpp/rclcpp/executor_options.hpp:20[m[K,
[1.528s]                  from [01m[K/opt/ros/humble/include/rclcpp/rclcpp/executor.hpp:37[m[K,
[1.528s]                  from [01m[K/opt/ros/humble/include/rclcpp/rclcpp/executors/multi_threaded_executor.hpp:25[m[K,
[1.528s]                  from [01m[K/opt/ros/humble/include/rclcpp/rclcpp/executors.hpp:21[m[K,
[1.528s]                  from [01m[K/opt/ros/humble/include/rclcpp/rclcpp/rclcpp.hpp:155[m[K,
[1.528s]                  from [01m[K/home/mahek/ros2_ws/src/my_cashier_system/src/bill_publish_node.cpp:1[m[K:
[1.528s] [01m[K/home/mahek/ros2_ws/src/my_cashier_system/src/bill_publish_node.cpp:33:17:[m[K [01;31m[Kerror: [m[Kinvalid use of â€˜[01m[Kthis[m[Kâ€™ in non-member function
[1.528s]    33 |     RCLCPP_INFO([01;31m[Kthis[m[K->get_logger(), "Published Bill: Number: %d, Time: %s, Quantity: %d, Price: %.2f, Total: %.2f",
[1.528s]       |                 [01;31m[K^~~~[m[K
[1.528s] [01m[K/home/mahek/ros2_ws/src/my_cashier_system/src/bill_publish_node.cpp:33:17:[m[K [01;31m[Kerror: [m[Kinvalid use of â€˜[01m[Kthis[m[Kâ€™ in non-member function
[1.528s]    33 |     RCLCPP_INFO([01;31m[Kthis[m[K->get_logger(), "Published Bill: Number: %d, Time: %s, Quantity: %d, Price: %.2f, Total: %.2f",
[1.528s]       |                 [01;31m[K^~~~[m[K
[1.531s] [01m[K/home/mahek/ros2_ws/src/my_cashier_system/src/bill_publish_node.cpp:[m[K In function â€˜[01m[Kint main(int, char**)[m[Kâ€™:
[1.531s] [01m[K/home/mahek/ros2_ws/src/my_cashier_system/src/bill_publish_node.cpp:40:35:[m[K [01;31m[Kerror: [m[Kâ€˜[01m[KBillPublisherNode[m[Kâ€™ was not declared in this scope
[1.531s]    40 |     rclcpp::spin(std::make_shared<[01;31m[KBillPublisherNode[m[K>());
[1.531s]       |                                   [01;31m[K^~~~~~~~~~~~~~~~~[m[K
[1.531s] [01m[K/home/mahek/ros2_ws/src/my_cashier_system/src/bill_publish_node.cpp:40:53:[m[K [01;31m[Kerror: [m[Kno matching function for call to â€˜[01m[Kmake_shared<<expression error> >()[m[Kâ€™
[1.531s]    40 |     rclcpp::spin([01;31m[Kstd::make_shared<BillPublisherNode>()[m[K);
[1.531s]       |                  [01;31m[K~~~~~~~~~~~~~~~~~~~~~~~~~~~~~~~~~~~^~[m[K
[1.531s] In file included from [01m[K/usr/include/c++/11/memory:77[m[K,
[1.531s]                  from [01m[K/opt/ros/humble/include/rclcpp/rclcpp/rclcpp.hpp:153[m[K,
[1.531s]                  from [01m[K/home/mahek/ros2_ws/src/my_cashier_system/src/bill_publish_node.cpp:1[m[K:
[1.531s] [01m[K/usr/include/c++/11/bits/shared_ptr.h:875:5:[m[K [01;36m[Knote: [m[Kcandidate: â€˜[01m[Ktemplate<class _Tp, class ... _Args> std::shared_ptr<_Tp> std::make_shared(_Args&& ...)[m[Kâ€™
[1.531s]   875 |     [01;36m[Kmake_shared[m[K(_Args&&... __args)
[1.531s]       |     [01;36m[K^~~~~~~~~~~[m[K
[1.531s] [01m[K/usr/include/c++/11/bits/shared_ptr.h:875:5:[m[K [01;36m[Knote: [m[K  template argument deduction/substitution failed:
[1.531s] [01m[K/home/mahek/ros2_ws/src/my_cashier_system/src/bill_publish_node.cpp:40:53:[m[K [01;31m[Kerror: [m[Ktemplate argument 1 is invalid
[1.531s]    40 |     rclcpp::spin([01;31m[Kstd::make_shared<BillPublisherNode>()[m[K);
[1.531s]       |                  [01;31m[K~~~~~~~~~~~~~~~~~~~~~~~~~~~~~~~~~~~^~[m[K
[1.802s] gmake[2]: *** [CMakeFiles/bill.dir/build.make:76: CMakeFiles/bill.dir/src/bill_publish_node.cpp.o] Error 1
[1.803s] gmake[1]: *** [CMakeFiles/Makefile2:137: CMakeFiles/bill.dir/all] Error 2
[1.803s] gmake: *** [Makefile:146: all] Error 2
[1.806s] Invoked command in '/home/mahek/ros2_ws/build/my_cashier_system' returned '2': CMAKE_PREFIX_PATH=${CMAKE_PREFIX_PATH}:/home/mahek/ros2_ws/install/my_robot_controller:/opt/ros/humble LD_LIBRARY_PATH=/home/mahek/ros2_ws/install/tutorial_interfaces/lib:${LD_LIBRARY_PATH} PYTHONPATH=/home/mahek/ros2_ws/install/tutorial_interfaces/local/lib/python3.10/dist-packages:${PYTHONPATH} /usr/bin/cmake --build /home/mahek/ros2_ws/build/my_cashier_system -- -j12 -l12
