[01m[K/home/mahek/ros2_ws/src/my_cashier_system/src/bill_publish_node.cpp:3:1:[m[K [01;31m[Kerror: [m[Kâ€˜[01m[KBillPublisherNode[m[Kâ€™ does not name a type
    3 | [01;31m[KBillPublisherNode[m[K::BillPublisherNode()
      | [01;31m[K^~~~~~~~~~~~~~~~~[m[K
[01m[K/home/mahek/ros2_ws/src/my_cashier_system/src/bill_publish_node.cpp:18:6:[m[K [01;31m[Kerror: [m[Kâ€˜[01m[KBillPublisherNode[m[Kâ€™ has not been declared
   18 | void [01;31m[KBillPublisherNode[m[K::publish_bill()
      |      [01;31m[K^~~~~~~~~~~~~~~~~[m[K
[01m[K/home/mahek/ros2_ws/src/my_cashier_system/src/bill_publish_node.cpp:[m[K In function â€˜[01m[Kvoid publish_bill()[m[Kâ€™:
[01m[K/home/mahek/ros2_ws/src/my_cashier_system/src/bill_publish_node.cpp:29:5:[m[K [01;31m[Kerror: [m[Kâ€˜[01m[Kpublisher_[m[Kâ€™ was not declared in this scope
   29 |     [01;31m[Kpublisher_[m[K->publish(message);
      |     [01;31m[K^~~~~~~~~~[m[K
[01m[K/home/mahek/ros2_ws/src/my_cashier_system/src/bill_publish_node.cpp:31:17:[m[K [01;31m[Kerror: [m[Kinvalid use of â€˜[01m[Kthis[m[Kâ€™ in non-member function
   31 |     RCLCPP_INFO([01;31m[Kthis[m[K->get_logger(), "Published Bill: Number: %d, Time: %s, Quantity: %d, Price: %.2f, Total: %.2f",
      |                 [01;31m[K^~~~[m[K
[01m[K/home/mahek/ros2_ws/src/my_cashier_system/src/bill_publish_node.cpp:31:5:[m[K [01;31m[Kerror: [m[Kâ€˜[01m[KRCLCPP_INFO[m[Kâ€™ was not declared in this scope
   31 |     [01;31m[KRCLCPP_INFO[m[K(this->get_logger(), "Published Bill: Number: %d, Time: %s, Quantity: %d, Price: %.2f, Total: %.2f",
      |     [01;31m[K^~~~~~~~~~~[m[K
[01m[K/home/mahek/ros2_ws/src/my_cashier_system/src/bill_publish_node.cpp:[m[K In function â€˜[01m[Kint main(int, char**)[m[Kâ€™:
[01m[K/home/mahek/ros2_ws/src/my_cashier_system/src/bill_publish_node.cpp:37:5:[m[K [01;31m[Kerror: [m[Kâ€˜[01m[Krclcpp[m[Kâ€™ has not been declared
   37 |     [01;31m[Krclcpp[m[K::init(argc, argv);
      |     [01;31m[K^~~~~~[m[K
[01m[K/home/mahek/ros2_ws/src/my_cashier_system/src/bill_publish_node.cpp:38:5:[m[K [01;31m[Kerror: [m[Kâ€˜[01m[Krclcpp[m[Kâ€™ has not been declared
   38 |     [01;31m[Krclcpp[m[K::spin(std::make_shared<BillPublisherNode>());
      |     [01;31m[K^~~~~~[m[K
[01m[K/home/mahek/ros2_ws/src/my_cashier_system/src/bill_publish_node.cpp:38:35:[m[K [01;31m[Kerror: [m[Kâ€˜[01m[KBillPublisherNode[m[Kâ€™ was not declared in this scope
   38 |     rclcpp::spin(std::make_shared<[01;31m[KBillPublisherNode[m[K>());
      |                                   [01;31m[K^~~~~~~~~~~~~~~~~[m[K
[01m[K/home/mahek/ros2_ws/src/my_cashier_system/src/bill_publish_node.cpp:38:53:[m[K [01;31m[Kerror: [m[Kno matching function for call to â€˜[01m[Kmake_shared<<expression error> >()[m[Kâ€™
   38 |     rclcpp::spin([01;31m[Kstd::make_shared<BillPublisherNode>()[m[K);
      |                  [01;31m[K~~~~~~~~~~~~~~~~~~~~~~~~~~~~~~~~~~~^~[m[K
In file included from [01m[K/usr/include/c++/11/memory:77[m[K,
                 from [01m[K/home/mahek/ros2_ws/install/tutorial_interfaces/include/tutorial_interfaces/tutorial_interfaces/msg/detail/num__struct.hpp:10[m[K,
                 from [01m[K/home/mahek/ros2_ws/install/tutorial_interfaces/include/tutorial_interfaces/tutorial_interfaces/msg/num.hpp:7[m[K,
                 from [01m[K/home/mahek/ros2_ws/src/my_cashier_system/src/bill_publish_node.cpp:1[m[K:
[01m[K/usr/include/c++/11/bits/shared_ptr.h:875:5:[m[K [01;36m[Knote: [m[Kcandidate: â€˜[01m[Ktemplate<class _Tp, class ... _Args> std::shared_ptr<_Tp> std::make_shared(_Args&& ...)[m[Kâ€™
  875 |     [01;36m[Kmake_shared[m[K(_Args&&... __args)
      |     [01;36m[K^~~~~~~~~~~[m[K
[01m[K/usr/include/c++/11/bits/shared_ptr.h:875:5:[m[K [01;36m[Knote: [m[K  template argument deduction/substitution failed:
[01m[K/home/mahek/ros2_ws/src/my_cashier_system/src/bill_publish_node.cpp:38:53:[m[K [01;31m[Kerror: [m[Ktemplate argument 1 is invalid
   38 |     rclcpp::spin([01;31m[Kstd::make_shared<BillPublisherNode>()[m[K);
      |                  [01;31m[K~~~~~~~~~~~~~~~~~~~~~~~~~~~~~~~~~~~^~[m[K
[01m[K/home/mahek/ros2_ws/src/my_cashier_system/src/bill_publish_node.cpp:39:5:[m[K [01;31m[Kerror: [m[Kâ€˜[01m[Krclcpp[m[Kâ€™ has not been declared
   39 |     [01;31m[Krclcpp[m[K::shutdown();
      |     [01;31m[K^~~~~~[m[K
gmake[2]: *** [CMakeFiles/bill.dir/build.make:76: CMakeFiles/bill.dir/src/bill_publish_node.cpp.o] Error 1
gmake[1]: *** [CMakeFiles/Makefile2:137: CMakeFiles/bill.dir/all] Error 2
gmake: *** [Makefile:146: all] Error 2
