[0.012s] Invoking command in '/home/mahek/ros2_ws/build/my_cashier_system': CMAKE_PREFIX_PATH=${CMAKE_PREFIX_PATH}:/home/mahek/ros2_ws/install/my_robot_controller:/opt/ros/humble LD_LIBRARY_PATH=/home/mahek/ros2_ws/install/tutorial_interfaces/lib:${LD_LIBRARY_PATH} PYTHONPATH=/home/mahek/ros2_ws/install/tutorial_interfaces/local/lib/python3.10/dist-packages:${PYTHONPATH} /usr/bin/cmake --build /home/mahek/ros2_ws/build/my_cashier_system -- -j12 -l12
[0.060s] [ 50%] [32mBuilding CXX object CMakeFiles/bill.dir/src/bill_publish_node.cpp.o[0m
[0.349s] [01m[K/home/mahek/ros2_ws/src/my_cashier_system/src/bill_publish_node.cpp:3:1:[m[K [01;31m[Kerror: [m[Kâ€˜[01m[KBillPublisherNode[m[Kâ€™ does not name a type
[0.349s]     3 | [01;31m[KBillPublisherNode[m[K::BillPublisherNode()
[0.349s]       | [01;31m[K^~~~~~~~~~~~~~~~~[m[K
[0.349s] [01m[K/home/mahek/ros2_ws/src/my_cashier_system/src/bill_publish_node.cpp:18:6:[m[K [01;31m[Kerror: [m[Kâ€˜[01m[KBillPublisherNode[m[Kâ€™ has not been declared
[0.349s]    18 | void [01;31m[KBillPublisherNode[m[K::publish_bill()
[0.349s]       |      [01;31m[K^~~~~~~~~~~~~~~~~[m[K
[0.350s] [01m[K/home/mahek/ros2_ws/src/my_cashier_system/src/bill_publish_node.cpp:[m[K In function â€˜[01m[Kvoid publish_bill()[m[Kâ€™:
[0.350s] [01m[K/home/mahek/ros2_ws/src/my_cashier_system/src/bill_publish_node.cpp:29:5:[m[K [01;31m[Kerror: [m[Kâ€˜[01m[Kpublisher_[m[Kâ€™ was not declared in this scope
[0.350s]    29 |     [01;31m[Kpublisher_[m[K->publish(message);
[0.350s]       |     [01;31m[K^~~~~~~~~~[m[K
[0.351s] [01m[K/home/mahek/ros2_ws/src/my_cashier_system/src/bill_publish_node.cpp:31:17:[m[K [01;31m[Kerror: [m[Kinvalid use of â€˜[01m[Kthis[m[Kâ€™ in non-member function
[0.351s]    31 |     RCLCPP_INFO([01;31m[Kthis[m[K->get_logger(), "Published Bill: Number: %d, Time: %s, Quantity: %d, Price: %.2f, Total: %.2f",
[0.351s]       |                 [01;31m[K^~~~[m[K
[0.351s] [01m[K/home/mahek/ros2_ws/src/my_cashier_system/src/bill_publish_node.cpp:31:5:[m[K [01;31m[Kerror: [m[Kâ€˜[01m[KRCLCPP_INFO[m[Kâ€™ was not declared in this scope
[0.351s]    31 |     [01;31m[KRCLCPP_INFO[m[K(this->get_logger(), "Published Bill: Number: %d, Time: %s, Quantity: %d, Price: %.2f, Total: %.2f",
[0.352s]       |     [01;31m[K^~~~~~~~~~~[m[K
[0.352s] [01m[K/home/mahek/ros2_ws/src/my_cashier_system/src/bill_publish_node.cpp:[m[K In function â€˜[01m[Kint main(int, char**)[m[Kâ€™:
[0.352s] [01m[K/home/mahek/ros2_ws/src/my_cashier_system/src/bill_publish_node.cpp:37:5:[m[K [01;31m[Kerror: [m[Kâ€˜[01m[Krclcpp[m[Kâ€™ has not been declared
[0.352s]    37 |     [01;31m[Krclcpp[m[K::init(argc, argv);
[0.352s]       |     [01;31m[K^~~~~~[m[K
[0.352s] [01m[K/home/mahek/ros2_ws/src/my_cashier_system/src/bill_publish_node.cpp:38:5:[m[K [01;31m[Kerror: [m[Kâ€˜[01m[Krclcpp[m[Kâ€™ has not been declared
[0.352s]    38 |     [01;31m[Krclcpp[m[K::spin(std::make_shared<BillPublisherNode>());
[0.352s]       |     [01;31m[K^~~~~~[m[K
[0.353s] [01m[K/home/mahek/ros2_ws/src/my_cashier_system/src/bill_publish_node.cpp:38:35:[m[K [01;31m[Kerror: [m[Kâ€˜[01m[KBillPublisherNode[m[Kâ€™ was not declared in this scope
[0.353s]    38 |     rclcpp::spin(std::make_shared<[01;31m[KBillPublisherNode[m[K>());
[0.353s]       |                                   [01;31m[K^~~~~~~~~~~~~~~~~[m[K
[0.353s] [01m[K/home/mahek/ros2_ws/src/my_cashier_system/src/bill_publish_node.cpp:38:53:[m[K [01;31m[Kerror: [m[Kno matching function for call to â€˜[01m[Kmake_shared<<expression error> >()[m[Kâ€™
[0.353s]    38 |     rclcpp::spin([01;31m[Kstd::make_shared<BillPublisherNode>()[m[K);
[0.353s]       |                  [01;31m[K~~~~~~~~~~~~~~~~~~~~~~~~~~~~~~~~~~~^~[m[K
[0.354s] In file included from [01m[K/usr/include/c++/11/memory:77[m[K,
[0.354s]                  from [01m[K/home/mahek/ros2_ws/install/tutorial_interfaces/include/tutorial_interfaces/tutorial_interfaces/msg/detail/num__struct.hpp:10[m[K,
[0.354s]                  from [01m[K/home/mahek/ros2_ws/install/tutorial_interfaces/include/tutorial_interfaces/tutorial_interfaces/msg/num.hpp:7[m[K,
[0.354s]                  from [01m[K/home/mahek/ros2_ws/src/my_cashier_system/src/bill_publish_node.cpp:1[m[K:
[0.354s] [01m[K/usr/include/c++/11/bits/shared_ptr.h:875:5:[m[K [01;36m[Knote: [m[Kcandidate: â€˜[01m[Ktemplate<class _Tp, class ... _Args> std::shared_ptr<_Tp> std::make_shared(_Args&& ...)[m[Kâ€™
[0.354s]   875 |     [01;36m[Kmake_shared[m[K(_Args&&... __args)
[0.354s]       |     [01;36m[K^~~~~~~~~~~[m[K
[0.354s] [01m[K/usr/include/c++/11/bits/shared_ptr.h:875:5:[m[K [01;36m[Knote: [m[K  template argument deduction/substitution failed:
[0.354s] [01m[K/home/mahek/ros2_ws/src/my_cashier_system/src/bill_publish_node.cpp:38:53:[m[K [01;31m[Kerror: [m[Ktemplate argument 1 is invalid
[0.354s]    38 |     rclcpp::spin([01;31m[Kstd::make_shared<BillPublisherNode>()[m[K);
[0.354s]       |                  [01;31m[K~~~~~~~~~~~~~~~~~~~~~~~~~~~~~~~~~~~^~[m[K
[0.355s] [01m[K/home/mahek/ros2_ws/src/my_cashier_system/src/bill_publish_node.cpp:39:5:[m[K [01;31m[Kerror: [m[Kâ€˜[01m[Krclcpp[m[Kâ€™ has not been declared
[0.355s]    39 |     [01;31m[Krclcpp[m[K::shutdown();
[0.355s]       |     [01;31m[K^~~~~~[m[K
[0.383s] gmake[2]: *** [CMakeFiles/bill.dir/build.make:76: CMakeFiles/bill.dir/src/bill_publish_node.cpp.o] Error 1
[0.383s] gmake[1]: *** [CMakeFiles/Makefile2:137: CMakeFiles/bill.dir/all] Error 2
[0.383s] gmake: *** [Makefile:146: all] Error 2
[0.386s] Invoked command in '/home/mahek/ros2_ws/build/my_cashier_system' returned '2': CMAKE_PREFIX_PATH=${CMAKE_PREFIX_PATH}:/home/mahek/ros2_ws/install/my_robot_controller:/opt/ros/humble LD_LIBRARY_PATH=/home/mahek/ros2_ws/install/tutorial_interfaces/lib:${LD_LIBRARY_PATH} PYTHONPATH=/home/mahek/ros2_ws/install/tutorial_interfaces/local/lib/python3.10/dist-packages:${PYTHONPATH} /usr/bin/cmake --build /home/mahek/ros2_ws/build/my_cashier_system -- -j12 -l12
