[0.009s] Invoking command in '/home/mahek/ros2_ws/build/my_cashier_system': CMAKE_PREFIX_PATH=${CMAKE_PREFIX_PATH}:/home/mahek/ros2_ws/install/my_robot_controller:/opt/ros/humble /usr/bin/cmake --build /home/mahek/ros2_ws/build/my_cashier_system -- -j12 -l12
[0.031s] -- Found ament_cmake: 1.3.10 (/opt/ros/humble/share/ament_cmake/cmake)
[0.119s] -- Found rclcpp: 16.0.10 (/opt/ros/humble/share/rclcpp/cmake)
[0.137s] -- Found rosidl_generator_c: 3.1.5 (/opt/ros/humble/share/rosidl_generator_c/cmake)
[0.138s] -- Found rosidl_adapter: 3.1.5 (/opt/ros/humble/share/rosidl_adapter/cmake)
[0.142s] -- Found rosidl_generator_cpp: 3.1.5 (/opt/ros/humble/share/rosidl_generator_cpp/cmake)
[0.148s] -- Using all available rosidl_typesupport_c: rosidl_typesupport_fastrtps_c;rosidl_typesupport_introspection_c
[0.156s] -- Using all available rosidl_typesupport_cpp: rosidl_typesupport_fastrtps_cpp;rosidl_typesupport_introspection_cpp
[0.177s] -- Found rmw_implementation_cmake: 6.1.2 (/opt/ros/humble/share/rmw_implementation_cmake/cmake)
[0.179s] -- Found rmw_fastrtps_cpp: 6.2.7 (/opt/ros/humble/share/rmw_fastrtps_cpp/cmake)
[0.263s] -- Using RMW implementation 'rmw_fastrtps_cpp' as default
[0.295s] -- Found my_cashier_system: 0.0.0 (/home/mahek/ros2_ws/install/my_cashier_system/share/my_cashier_system/cmake)
[0.295s] -- Found rosidl_default_generators: 1.2.0 (/opt/ros/humble/share/rosidl_default_generators/cmake)
[0.503s] -- Found ament_cmake_ros: 0.10.0 (/opt/ros/humble/share/ament_cmake_ros/cmake)
[0.828s] -- Using all available rosidl_typesupport_c: rosidl_typesupport_fastrtps_c;rosidl_typesupport_introspection_c
[0.965s] -- Using all available rosidl_typesupport_cpp: rosidl_typesupport_fastrtps_cpp;rosidl_typesupport_introspection_cpp
[0.992s] -- Found PythonInterp: /usr/bin/python3 (found suitable version "3.10.12", minimum required is "3.6") 
[0.994s] -- Found python_cmake_module: 0.10.0 (/opt/ros/humble/share/python_cmake_module/cmake)
[1.019s] -- Found PythonLibs: /usr/lib/x86_64-linux-gnu/libpython3.10.so (found suitable version "3.10.12", minimum required is "3.5") 
[1.019s] -- Using PYTHON_EXECUTABLE: /usr/bin/python3
[1.019s] -- Using PYTHON_INCLUDE_DIRS: /usr/include/python3.10
[1.019s] -- Using PYTHON_LIBRARIES: /usr/lib/x86_64-linux-gnu/libpython3.10.so
[1.034s] -- Found PythonExtra: .so  
[1.069s] -- Found ament_lint_auto: 0.12.11 (/opt/ros/humble/share/ament_lint_auto/cmake)
[1.076s] -- Added test 'cppcheck' to perform static code analysis on C / C++ code
[1.077s] -- Configured cppcheck include dirs: 
[1.077s] -- Configured cppcheck exclude dirs and/or files: 
[1.077s] -- Added test 'lint_cmake' to check CMake code style
[1.077s] -- Added test 'uncrustify' to check C / C++ code style
[1.078s] -- Configured uncrustify additional arguments: 
[1.078s] -- Added test 'xmllint' to check XML markup files
[1.079s] -- Configuring done
[1.101s] -- Generating done
[1.111s] -- Build files have been written to: /home/mahek/ros2_ws/build/my_cashier_system
[1.139s] [35m[1mConsolidate compiler generated dependencies of target inventory[0m
[1.140s] [  2%] [34m[1mGenerating C code for ROS interfaces[0m
[1.141s] [35m[1mConsolidate compiler generated dependencies of target bill[0m
[1.142s] [35m[1mConsolidate compiler generated dependencies of target monitor[0m
[1.149s] [  5%] [34m[1mGenerating C++ code for ROS interfaces[0m
[1.150s] [  8%] [32mBuilding CXX object CMakeFiles/inventory.dir/src/inventory_add_node.cpp.o[0m
[1.155s] [ 10%] [32mBuilding CXX object CMakeFiles/bill.dir/src/bill_publish_node.cpp.o[0m
[1.157s] [ 13%] [32mBuilding CXX object CMakeFiles/monitor.dir/src/bill_display_node.cpp.o[0m
[1.161s] [ 13%] Built target ament_cmake_python_copy_my_cashier_system
[1.285s] [01m[K/home/mahek/ros2_ws/src/my_cashier_system/src/bill_publish_node.cpp:2:10:[m[K [01;31m[Kfatal error: [m[Kmy_cashier_system/msg/bill.hpp: No such file or directory
[1.285s]     2 | #include [01;31m[K"my_cashier_system/msg/bill.hpp"[m[K
[1.285s]       |          [01;31m[K^~~~~~~~~~~~~~~~~~~~~~~~~~~~~~~~[m[K
[1.285s] compilation terminated.
[1.287s] gmake[2]: *** [CMakeFiles/bill.dir/build.make:76: CMakeFiles/bill.dir/src/bill_publish_node.cpp.o] Error 1
[1.287s] gmake[1]: *** [CMakeFiles/Makefile2:596: CMakeFiles/bill.dir/all] Error 2
[1.287s] gmake[1]: *** Waiting for unfinished jobs....
[1.328s] running egg_info
[1.328s] creating my_cashier_system.egg-info
[1.329s] writing my_cashier_system.egg-info/PKG-INFO
[1.329s] writing dependency_links to my_cashier_system.egg-info/dependency_links.txt
[1.329s] writing top-level names to my_cashier_system.egg-info/top_level.txt
[1.329s] writing manifest file 'my_cashier_system.egg-info/SOURCES.txt'
[1.330s] reading manifest file 'my_cashier_system.egg-info/SOURCES.txt'
[1.331s] writing manifest file 'my_cashier_system.egg-info/SOURCES.txt'
[1.356s] [ 13%] Built target ament_cmake_python_build_my_cashier_system_egg
[1.361s] [ 13%] Built target my_cashier_system__cpp
[1.384s] [01m[K/home/mahek/ros2_ws/src/my_cashier_system/src/inventory_add_node.cpp:2:10:[m[K [01;31m[Kfatal error: [m[Kmy_cashier_system/msg/bill.hpp: No such file or directory
[1.384s]     2 | #include [01;31m[K"my_cashier_system/msg/bill.hpp"[m[K
[1.384s]       |          [01;31m[K^~~~~~~~~~~~~~~~~~~~~~~~~~~~~~~~[m[K
[1.384s] compilation terminated.
[1.385s] gmake[2]: *** [CMakeFiles/inventory.dir/build.make:76: CMakeFiles/inventory.dir/src/inventory_add_node.cpp.o] Error 1
[1.385s] gmake[1]: *** [CMakeFiles/Makefile2:622: CMakeFiles/inventory.dir/all] Error 2
[1.392s] [01m[K/home/mahek/ros2_ws/src/my_cashier_system/src/bill_display_node.cpp:2:10:[m[K [01;31m[Kfatal error: [m[Kmy_cashier_system/msg/bill.hpp: No such file or directory
[1.393s]     2 | #include [01;31m[K"my_cashier_system/msg/bill.hpp"[m[K
[1.393s]       |          [01;31m[K^~~~~~~~~~~~~~~~~~~~~~~~~~~~~~~~[m[K
[1.393s] compilation terminated.
[1.394s] gmake[2]: *** [CMakeFiles/monitor.dir/build.make:76: CMakeFiles/monitor.dir/src/bill_display_node.cpp.o] Error 1
[1.395s] gmake[1]: *** [CMakeFiles/Makefile2:648: CMakeFiles/monitor.dir/all] Error 2
[1.429s] [ 16%] [32mBuilding C object CMakeFiles/my_cashier_system__rosidl_generator_c.dir/rosidl_generator_c/my_cashier_system/msg/detail/bill__functions.c.o[0m
[1.479s] [ 18%] [32m[1mLinking C shared library libmy_cashier_system__rosidl_generator_c.so[0m
[1.517s] [ 18%] Built target my_cashier_system__rosidl_generator_c
[1.518s] gmake: *** [Makefile:146: all] Error 2
[1.522s] Invoked command in '/home/mahek/ros2_ws/build/my_cashier_system' returned '2': CMAKE_PREFIX_PATH=${CMAKE_PREFIX_PATH}:/home/mahek/ros2_ws/install/my_robot_controller:/opt/ros/humble /usr/bin/cmake --build /home/mahek/ros2_ws/build/my_cashier_system -- -j12 -l12
