[35m[1mConsolidate compiler generated dependencies of target bill[0m
[ 50%] [32mBuilding CXX object CMakeFiles/bill.dir/src/bill_publish_node.cpp.o[0m
[01m[K/home/mahek/ros2_ws/src/my_cashier_system/src/bill_publish_node.cpp:[m[K In member function â€˜[01m[Kvoid BillPublisherNode::publish_bill()[m[Kâ€™:
[01m[K/home/mahek/ros2_ws/src/my_cashier_system/src/bill_publish_node.cpp:29:28:[m[K [01;31m[Kerror: [m[Kâ€˜[01m[Kclass rclcpp::Time[m[Kâ€™ has no member named â€˜[01m[Kto_string[m[Kâ€™
   29 |         message.time = now.[01;31m[Kto_string[m[K(); // Convert time to string format
      |                            [01;31m[K^~~~~~~~~[m[K
gmake[2]: *** [CMakeFiles/bill.dir/build.make:76: CMakeFiles/bill.dir/src/bill_publish_node.cpp.o] Error 1
gmake[1]: *** [CMakeFiles/Makefile2:137: CMakeFiles/bill.dir/all] Error 2
gmake: *** [Makefile:146: all] Error 2
