[01m[K/home/mahek/ros2_ws/src/my_cashier_system/src/bill_subscriber_node.cpp:45:56:[m[K [01;35m[Kwarning: [m[Kcharacter constant too long for its type
   45 |         self.publisher = self.create_publisher(String, [01;35m[K'new_income'[m[K, 10)
      |                                                        [01;35m[K^~~~~~~~~~~~[m[K
[01m[K/home/mahek/ros2_ws/src/my_cashier_system/src/bill_display_node.cpp:34:62:[m[K [01;35m[Kwarning: [m[Kcharacter constant too long for its type
   34 |         self.subscription = self.create_subscription(String, [01;35m[K'income_inventory_updates'[m[K, self.listener_callback, 10)
      |                                                              [01;35m[K^~~~~~~~~~~~~~~~~~~~~~~~~~[m[K
[01m[K/home/mahek/ros2_ws/src/my_cashier_system/src/bill_subscriber_node.cpp:[m[K In member function â€˜[01m[Kvoid BillProcessorNode::process_bill(tutorial_interfaces::msg::Bill_<std::allocator<void> >::SharedPtr)[m[Kâ€™:
[01m[K/home/mahek/ros2_ws/src/my_cashier_system/src/bill_subscriber_node.cpp:45:9:[m[K [01;31m[Kerror: [m[Kâ€˜[01m[Kself[m[Kâ€™ was not declared in this scope
   45 |         [01;31m[Kself[m[K.publisher = self.create_publisher(String, 'new_income', 10)
      |         [01;31m[K^~~~[m[K
[01m[K/home/mahek/ros2_ws/src/my_cashier_system/src/bill_subscriber_node.cpp:45:48:[m[K [01;31m[Kerror: [m[Kâ€˜[01m[KString[m[Kâ€™ was not declared in this scope
   45 |         self.publisher = self.create_publisher([01;31m[KString[m[K, 'new_income', 10)
      |                                                [01;31m[K^~~~~~[m[K
[01m[K/home/mahek/ros2_ws/src/my_cashier_system/src/bill_display_node.cpp:[m[K In member function â€˜[01m[Kvoid BillMonitorNode::display_bill(std_msgs::msg::String_<std::allocator<void> >::SharedPtr)[m[Kâ€™:
[01m[K/home/mahek/ros2_ws/src/my_cashier_system/src/bill_display_node.cpp:34:9:[m[K [01;31m[Kerror: [m[Kâ€˜[01m[Kself[m[Kâ€™ was not declared in this scope
   34 |         [01;31m[Kself[m[K.subscription = self.create_subscription(String, 'income_inventory_updates', self.listener_callback, 10)
      |         [01;31m[K^~~~[m[K
[01m[K/home/mahek/ros2_ws/src/my_cashier_system/src/bill_display_node.cpp:34:54:[m[K [01;31m[Kerror: [m[Kâ€˜[01m[KString[m[Kâ€™ was not declared in this scope; did you mean â€˜[01m[Kstd_msgs::msg::String[m[Kâ€™?
   34 |         self.subscription = self.create_subscription([01;31m[KString[m[K, 'income_inventory_updates', self.listener_callback, 10)
      |                                                      [01;31m[K^~~~~~[m[K
      |                                                      [32m[Kstd_msgs::msg::String[m[K
In file included from [01m[K/opt/ros/humble/include/std_msgs/std_msgs/msg/string.hpp:7[m[K,
                 from [01m[K/home/mahek/ros2_ws/src/my_cashier_system/src/bill_display_node.cpp:3[m[K:
[01m[K/opt/ros/humble/include/std_msgs/std_msgs/msg/detail/string__struct.hpp:122:7:[m[K [01;36m[Knote: [m[Kâ€˜[01m[Kstd_msgs::msg::String[m[Kâ€™ declared here
  122 | using [01;36m[KString[m[K =
      |       [01;36m[K^~~~~~[m[K
[01m[K/home/mahek/ros2_ws/src/my_cashier_system/src/bill_display_node.cpp:33:62:[m[K [01;35m[Kwarning: [m[Kunused parameter â€˜[01m[Kmsg[m[Kâ€™ [[01;35m[K]8;;https://gcc.gnu.org/onlinedocs/gcc/Warning-Options.html#index-Wunused-parameter-Wunused-parameter]8;;[m[K]
   33 |     void display_bill([01;35m[Kconst std_msgs::msg::String::SharedPtr msg[m[K) {
      |                       [01;35m[K~~~~~~~~~~~~~~~~~~~~~~~~~~~~~~~~~~~~~~~^~~[m[K
gmake[2]: *** [CMakeFiles/bill_subscriber_node.dir/build.make:76: CMakeFiles/bill_subscriber_node.dir/src/bill_subscriber_node.cpp.o] Error 1
gmake[1]: *** [CMakeFiles/Makefile2:167: CMakeFiles/bill_subscriber_node.dir/all] Error 2
gmake[1]: *** Waiting for unfinished jobs....
gmake[2]: *** [CMakeFiles/bill_display_node.dir/build.make:76: CMakeFiles/bill_display_node.dir/src/bill_display_node.cpp.o] Error 1
gmake[1]: *** [CMakeFiles/Makefile2:193: CMakeFiles/bill_display_node.dir/all] Error 2
gmake: *** [Makefile:146: all] Error 2
