[0.008s] Invoking command in '/home/mahek/ros2_ws/build/tutorial_interfaces': CMAKE_PREFIX_PATH=${CMAKE_PREFIX_PATH}:/home/mahek/ros2_ws/install/my_robot_controller:/opt/ros/humble /usr/bin/cmake --build /home/mahek/ros2_ws/build/tutorial_interfaces -- -j12 -l12
[0.029s] -- Found ament_cmake: 1.3.10 (/opt/ros/humble/share/ament_cmake/cmake)
[0.134s] -- Found rosidl_default_generators: 1.2.0 (/opt/ros/humble/share/rosidl_default_generators/cmake)
[0.135s] -- Using all available rosidl_typesupport_c: rosidl_typesupport_fastrtps_c;rosidl_typesupport_introspection_c
[0.137s] -- Found rosidl_adapter: 3.1.5 (/opt/ros/humble/share/rosidl_adapter/cmake)
[0.156s] -- Using all available rosidl_typesupport_cpp: rosidl_typesupport_fastrtps_cpp;rosidl_typesupport_introspection_cpp
[0.172s] -- Found builtin_interfaces: 1.2.1 (/opt/ros/humble/share/builtin_interfaces/cmake)
[0.307s] [31mCMake Error at /opt/ros/humble/share/rosidl_adapter/cmake/rosidl_adapt_interfaces.cmake:59 (message):
[0.307s]   execute_process(/usr/bin/python3 -m rosidl_adapter --package-name
[0.307s]   tutorial_interfaces --arguments-file
[0.307s]   /home/mahek/ros2_ws/build/tutorial_interfaces/rosidl_adapter__arguments__tutorial_interfaces.json
[0.307s]   --output-dir
[0.307s]   /home/mahek/ros2_ws/build/tutorial_interfaces/rosidl_adapter/tutorial_interfaces
[0.308s]   --output-file
[0.308s]   /home/mahek/ros2_ws/build/tutorial_interfaces/rosidl_adapter/tutorial_interfaces.idls)
[0.308s]   returned error code 1:
[0.308s] 
[0.308s]   Traceback (most recent call last):
[0.308s] 
[0.308s]     File "/usr/lib/python3.10/runpy.py", line 196, in _run_module_as_main
[0.308s]       return _run_code(code, main_globals, None,
[0.308s]     File "/usr/lib/python3.10/runpy.py", line 86, in _run_code
[0.308s]       exec(code, run_globals)
[0.308s]     File "/opt/ros/humble/local/lib/python3.10/dist-packages/rosidl_adapter/__main__.py", line 19, in <module>
[0.308s]       sys.exit(main())
[0.309s]     File "/opt/ros/humble/local/lib/python3.10/dist-packages/rosidl_adapter/main.py", line 53, in main
[0.309s]       abs_idl_file = convert_to_idl(
[0.309s]     File "/opt/ros/humble/local/lib/python3.10/dist-packages/rosidl_adapter/__init__.py", line 24, in convert_to_idl
[0.309s]       return convert_srv_to_idl(
[0.309s]     File "/opt/ros/humble/local/lib/python3.10/dist-packages/rosidl_adapter/srv/__init__.py", line 28, in convert_srv_to_idl
[0.309s]       srv = parse_service_string(package_name, input_file.stem, content)
[0.309s]     File "/opt/ros/humble/local/lib/python3.10/dist-packages/rosidl_adapter/parser.py", line 850, in parse_service_string
[0.309s]       raise InvalidServiceSpecification(
[0.309s] 
[0.309s]   rosidl_adapter.parser.InvalidServiceSpecification: Could not find separator
[0.309s]   '---' between request and response
[0.309s] 
[0.310s] Call Stack (most recent call first):
[0.310s]   /opt/ros/humble/share/rosidl_cmake/cmake/rosidl_generate_interfaces.cmake:130 (rosidl_adapt_interfaces)
[0.310s]   CMakeLists.txt:17 (rosidl_generate_interfaces)
[0.310s] 
[0.310s] [0m
[0.310s] -- Configuring incomplete, errors occurred!
[0.310s] See also "/home/mahek/ros2_ws/build/tutorial_interfaces/CMakeFiles/CMakeOutput.log".
[0.310s] gmake: *** [Makefile:747: cmake_check_build_system] Error 1
[0.312s] Invoked command in '/home/mahek/ros2_ws/build/tutorial_interfaces' returned '2': CMAKE_PREFIX_PATH=${CMAKE_PREFIX_PATH}:/home/mahek/ros2_ws/install/my_robot_controller:/opt/ros/humble /usr/bin/cmake --build /home/mahek/ros2_ws/build/tutorial_interfaces -- -j12 -l12
